<?xml version="1.0" encoding="UTF-8"?>
<!-- Generated by org.testng.reporters.JUnitReportReporter -->
<testsuite hostname="LAPTOP-HEGI0R39" failures="0" tests="1" name="com.inetbanking.testCases.TC_AddCustomer_003" time="40.256" errors="0" timestamp="2022-11-11T17:58:55 IST" skipped="0">
  <testcase classname="com.inetbanking.testCases.TC_AddCustomer_003" name="AddnewCustomer" time="40.256"/>
  <system-out/>
</testsuite> <!-- com.inetbanking.testCases.TC_AddCustomer_003 -->
