<?xml version="1.0" encoding="UTF-8"?>
<!-- Generated by org.testng.reporters.JUnitReportReporter -->
<testsuite hostname="LAPTOP-HEGI0R39" failures="0" tests="3" name="com.inetbanking.testCases.TC_LoginDDT_002" time="67.099" errors="0" timestamp="2022-10-27T12:32:10 IST" skipped="0">
  <testcase classname="com.inetbanking.testCases.TC_LoginDDT_002" name="loginDDT" time="18.659"/>
  <system-out/>
  <testcase classname="com.inetbanking.testCases.TC_LoginDDT_002" name="loginDDT" time="20.936"/>
  <system-out/>
  <testcase classname="com.inetbanking.testCases.TC_LoginDDT_002" name="loginDDT" time="27.504"/>
  <system-out/>
</testsuite> <!-- com.inetbanking.testCases.TC_LoginDDT_002 -->
