<?xml version="1.0" encoding="UTF-8"?>
<!-- Generated by org.testng.reporters.JUnitReportReporter -->
<testsuite hostname="LAPTOP-HEGI0R39" failures="0" tests="1" name="com.inetbanking.testCases.TC_AddCustomer_003" time="23.186" errors="0" timestamp="2022-11-14T15:49:43 IST" skipped="0">
  <testcase classname="com.inetbanking.testCases.TC_AddCustomer_003" name="AddnewCustomer" time="23.186"/>
  <system-out/>
</testsuite> <!-- com.inetbanking.testCases.TC_AddCustomer_003 -->
